<?xml version="1.0" encoding="UTF-8"?>
<!-- Generated by org.testng.reporters.JUnitReportReporter -->
<testsuite hostname="DESKTOP-JFFDUU0" failures="0" tests="10" name="com.urbanladder.Runner.TestRunner" time="81.045" errors="0" timestamp="2025-03-22T08:19:51 IST" skipped="0">
  <testcase classname="com.urbanladder.Runner.TestRunner" name="runScenario" time="34.165"/>
  <testcase classname="com.urbanladder.Runner.TestRunner" name="runScenario" time="3.709"/>
  <testcase classname="com.urbanladder.Runner.TestRunner" name="runScenario" time="2.086"/>
  <testcase classname="com.urbanladder.Runner.TestRunner" name="runScenario" time="2.119"/>
  <testcase classname="com.urbanladder.Runner.TestRunner" name="runScenario" time="3.101"/>
  <testcase classname="com.urbanladder.Runner.TestRunner" name="runScenario" time="7.413"/>
  <testcase classname="com.urbanladder.Runner.TestRunner" name="runScenario" time="19.577"/>
  <testcase classname="com.urbanladder.Runner.TestRunner" name="runScenario" time="0.647"/>
  <testcase classname="com.urbanladder.Runner.TestRunner" name="runScenario" time="1.934"/>
  <testcase classname="com.urbanladder.Runner.TestRunner" name="runScenario" time="6.294"/>
</testsuite> <!-- com.urbanladder.Runner.TestRunner -->
